<component name="ArtifactManager">
  <artifact type="exploded-war" name="JunitTest:war exploded">
    <output-path>$PROJECT_DIR$/out/artifacts/JunitTest_war_exploded</output-path>
    <root id="root">
      <element id="javaee-facet-resources" facet="JunitTest/web/Web" />
      <element id="directory" name="WEB-INF">
        <element id="directory" name="classes">
          <element id="module-output" name="JunitTest" />
        </element>
      </element>
    </root>
  </artifact>
</component>